<?xml version="1.0" encoding="UTF-8"?>
<testng-results skipped="0" failed="0" ignored="0" total="1" passed="1">
  <reporter-output>
  </reporter-output>
  <suite name="test.LoginTest" duration-ms="5309" started-at="2022-02-26T04:06:09 CST" finished-at="2022-02-26T04:06:14 CST">
    <groups>
    </groups>
    <test name="Command line test" duration-ms="5309" started-at="2022-02-26T04:06:09 CST" finished-at="2022-02-26T04:06:14 CST">
      <class name="test.LoginTest">
        <test-method status="PASS" signature="ValidUserShouldBeableToLogin()[pri:0, instance:test.LoginTest@5700d6b1]" name="ValidUserShouldBeableToLogin" duration-ms="5274" started-at="2022-02-26T04:06:09 CST" finished-at="2022-02-26T04:06:14 CST">
          <reporter-output>
          </reporter-output>
        </test-method> <!-- ValidUserShouldBeableToLogin -->
      </class> <!-- test.LoginTest -->
    </test> <!-- Command line test -->
  </suite> <!-- test.LoginTest -->
</testng-results>
