<?xml version="1.0" encoding="UTF-8"?>
<testng-results skipped="0" failed="0" ignored="0" total="1" passed="1">
  <reporter-output>
  </reporter-output>
  <suite name="Default suite" duration-ms="8023" started-at="2022-02-26T02:46:49 CST" finished-at="2022-02-26T02:46:57 CST">
    <groups>
    </groups>
    <test name="Default test" duration-ms="8023" started-at="2022-02-26T02:46:49 CST" finished-at="2022-02-26T02:46:57 CST">
      <class name="test.LoginTest">
        <test-method status="PASS" signature="ValidUserShouldBeableToLogin()[pri:0, instance:test.LoginTest@5a1c0542]" name="ValidUserShouldBeableToLogin" duration-ms="7981" started-at="2022-02-26T02:46:49 CST" finished-at="2022-02-26T02:46:57 CST">
          <reporter-output>
          </reporter-output>
        </test-method> <!-- ValidUserShouldBeableToLogin -->
      </class> <!-- test.LoginTest -->
    </test> <!-- Default test -->
  </suite> <!-- Default suite -->
</testng-results>
